<?xml version="1.0" encoding="UTF-8"?>
<testng-results ignored="2" total="16" passed="14" failed="0" skipped="0">
  <reporter-output>
  </reporter-output>
  <suite started-at="2021-04-13T05:13:41 EET" name="Regression-Suite" finished-at="2021-04-13T05:14:38 EET" duration-ms="56526">
    <groups>
    </groups>
    <test started-at="2021-04-13T05:13:41 EET" name="Login-Register Test" finished-at="2021-04-13T05:14:38 EET" duration-ms="56526">
      <class name="tests.UserRegisterationTest">
        <test-method signature="verify_gender_selection_is_mandatory()[pri:1, instance:tests.UserRegisterationTest@4ac3c60d]" started-at="2021-04-13T05:13:57 EET" name="verify_gender_selection_is_mandatory" finished-at="2021-04-13T05:13:59 EET" duration-ms="2008" status="PASS">
          <reporter-output>
          </reporter-output>
        </test-method> <!-- verify_gender_selection_is_mandatory -->
        <test-method signature="verify_firstname_is_mandatory()[pri:2, instance:tests.UserRegisterationTest@4ac3c60d]" started-at="2021-04-13T05:13:59 EET" name="verify_firstname_is_mandatory" finished-at="2021-04-13T05:14:02 EET" duration-ms="2142" status="PASS">
          <reporter-output>
          </reporter-output>
        </test-method> <!-- verify_firstname_is_mandatory -->
        <test-method signature="verify_lasttname_is_mandatory()[pri:3, instance:tests.UserRegisterationTest@4ac3c60d]" started-at="2021-04-13T05:14:02 EET" name="verify_lasttname_is_mandatory" finished-at="2021-04-13T05:14:04 EET" duration-ms="2499" status="PASS">
          <reporter-output>
          </reporter-output>
        </test-method> <!-- verify_lasttname_is_mandatory -->
        <test-method signature="verify_email_is_mandatory()[pri:4, instance:tests.UserRegisterationTest@4ac3c60d]" started-at="2021-04-13T05:14:04 EET" name="verify_email_is_mandatory" finished-at="2021-04-13T05:14:06 EET" duration-ms="2287" status="PASS">
          <reporter-output>
          </reporter-output>
        </test-method> <!-- verify_email_is_mandatory -->
        <test-method signature="verify_email_is_must_be_in_valid_format()[pri:5, instance:tests.UserRegisterationTest@4ac3c60d]" started-at="2021-04-13T05:14:06 EET" name="verify_email_is_must_be_in_valid_format" finished-at="2021-04-13T05:14:08 EET" duration-ms="2186" status="PASS">
          <reporter-output>
          </reporter-output>
        </test-method> <!-- verify_email_is_must_be_in_valid_format -->
        <test-method signature="verify_confirm_email_is_mandatory()[pri:6, instance:tests.UserRegisterationTest@4ac3c60d]" started-at="2021-04-13T05:14:08 EET" name="verify_confirm_email_is_mandatory" finished-at="2021-04-13T05:14:11 EET" duration-ms="2182" status="PASS">
          <reporter-output>
          </reporter-output>
        </test-method> <!-- verify_confirm_email_is_mandatory -->
        <test-method signature="verify_email_and_confirm_mail_must_match()[pri:7, instance:tests.UserRegisterationTest@4ac3c60d]" started-at="2021-04-13T05:14:11 EET" name="verify_email_and_confirm_mail_must_match" finished-at="2021-04-13T05:14:13 EET" duration-ms="2198" status="PASS">
          <reporter-output>
          </reporter-output>
        </test-method> <!-- verify_email_and_confirm_mail_must_match -->
        <test-method signature="verify_password_is_mandatory()[pri:8, instance:tests.UserRegisterationTest@4ac3c60d]" started-at="2021-04-13T05:14:13 EET" name="verify_password_is_mandatory" finished-at="2021-04-13T05:14:15 EET" duration-ms="2151" status="PASS">
          <reporter-output>
          </reporter-output>
        </test-method> <!-- verify_password_is_mandatory -->
        <test-method signature="verify_password_must_be_atleast_6charachters()[pri:9, instance:tests.UserRegisterationTest@4ac3c60d]" started-at="2021-04-13T05:14:15 EET" name="verify_password_must_be_atleast_6charachters" finished-at="2021-04-13T05:14:20 EET" duration-ms="4840" status="PASS">
          <reporter-output>
          </reporter-output>
        </test-method> <!-- verify_password_must_be_atleast_6charachters -->
        <test-method signature="verify_recent_date_birth_is_notacceptable()[pri:10, instance:tests.UserRegisterationTest@4ac3c60d]" started-at="2021-04-13T05:14:20 EET" name="verify_recent_date_birth_is_notacceptable" finished-at="2021-04-13T05:14:22 EET" duration-ms="2220" status="PASS">
          <reporter-output>
          </reporter-output>
        </test-method> <!-- verify_recent_date_birth_is_notacceptable -->
        <test-method signature="verify_user_Can_Register_Successfully()[pri:11, instance:tests.UserRegisterationTest@4ac3c60d]" started-at="2021-04-13T05:14:22 EET" name="verify_user_Can_Register_Successfully" finished-at="2021-04-13T05:14:38 EET" duration-ms="15491" status="PASS">
          <reporter-output>
          </reporter-output>
        </test-method> <!-- verify_user_Can_Register_Successfully -->
      </class> <!-- tests.UserRegisterationTest -->
      <class name="tests.UserLoginTest">
        <test-method is-config="true" signature="startDriver(java.lang.String)[pri:0, instance:tests.UserLoginTest@3911c2a7]" started-at="2021-04-13T05:13:34 EET" name="startDriver" finished-at="2021-04-13T05:13:41 EET" duration-ms="6668" status="PASS">
          <params>
            <param index="0">
              <value>
                <![CDATA[firefox]]>
              </value>
            </param>
          </params>
          <reporter-output>
          </reporter-output>
        </test-method> <!-- startDriver -->
        <test-method signature="verify_user_cantlogin_invalid_invalid_emailformat()[pri:1, instance:tests.UserLoginTest@3911c2a7]" started-at="2021-04-13T05:13:41 EET" name="verify_user_cantlogin_invalid_invalid_emailformat" finished-at="2021-04-13T05:13:43 EET" duration-ms="2250" status="PASS">
          <reporter-output>
          </reporter-output>
        </test-method> <!-- verify_user_cantlogin_invalid_invalid_emailformat -->
        <test-method signature="verify_user_cantlogin__wrong_password()[pri:2, instance:tests.UserLoginTest@3911c2a7]" started-at="2021-04-13T05:13:43 EET" name="verify_user_cantlogin__wrong_password" finished-at="2021-04-13T05:13:47 EET" duration-ms="4020" status="PASS">
          <reporter-output>
          </reporter-output>
        </test-method> <!-- verify_user_cantlogin__wrong_password -->
        <test-method signature="verify_user_canlogin_valid_credentials()[pri:3, instance:tests.UserLoginTest@3911c2a7]" started-at="2021-04-13T05:13:47 EET" name="verify_user_canlogin_valid_credentials" finished-at="2021-04-13T05:13:57 EET" duration-ms="9964" status="PASS">
          <reporter-output>
          </reporter-output>
        </test-method> <!-- verify_user_canlogin_valid_credentials -->
        <test-method is-config="true" signature="stopDriver()[pri:0, instance:tests.UserLoginTest@3911c2a7]" started-at="2021-04-13T05:14:38 EET" name="stopDriver" finished-at="2021-04-13T05:14:39 EET" duration-ms="1163" status="PASS">
          <reporter-output>
          </reporter-output>
        </test-method> <!-- stopDriver -->
      </class> <!-- tests.UserLoginTest -->
    </test> <!-- Login-Register Test -->
  </suite> <!-- Regression-Suite -->
</testng-results>
