<?xml version="1.0" encoding="UTF-8"?>
<!-- Generated by org.testng.reporters.JUnitXMLReporter -->
<testsuite ignored="0" hostname="HusseinGadalla" failures="0" tests="3" name="Default test" time="15.04" errors="0" timestamp="2021-04-13T05:10:58 EET">
  <testcase classname="tests.UserLoginTest" name="verify_user_cantlogin_invalid_invalid_emailformat" time="1.754"/>
  <testcase classname="tests.UserLoginTest" name="verify_user_cantlogin__wrong_password" time="3.078"/>
  <testcase classname="tests.UserLoginTest" name="verify_user_canlogin_valid_credentials" time="10.178"/>
</testsuite> <!-- Default test -->
