<?xml version="1.0" encoding="UTF-8"?>
<!-- Generated by org.testng.reporters.JUnitXMLReporter -->
<testsuite ignored="2" hostname="HusseinGadalla" failures="0" tests="14" name="Login-Register Test" time="56.526" errors="0" timestamp="2021-04-13T05:14:38 EET">
  <testcase classname="tests.UserLoginTest" name="verify_user_cantlogin_invalid_invalid_emailformat" time="2.25"/>
  <testcase classname="tests.UserLoginTest" name="verify_user_cantlogin__wrong_password" time="4.02"/>
  <testcase classname="tests.UserLoginTest" name="verify_user_canlogin_valid_credentials" time="9.964"/>
  <testcase classname="tests.UserRegisterationTest" name="verify_gender_selection_is_mandatory" time="2.008"/>
  <testcase classname="tests.UserRegisterationTest" name="verify_firstname_is_mandatory" time="2.142"/>
  <testcase classname="tests.UserRegisterationTest" name="verify_lasttname_is_mandatory" time="2.499"/>
  <testcase classname="tests.UserRegisterationTest" name="verify_email_is_mandatory" time="2.287"/>
  <testcase classname="tests.UserRegisterationTest" name="verify_email_is_must_be_in_valid_format" time="2.186"/>
  <testcase classname="tests.UserRegisterationTest" name="verify_confirm_email_is_mandatory" time="2.182"/>
  <testcase classname="tests.UserRegisterationTest" name="verify_email_and_confirm_mail_must_match" time="2.198"/>
  <testcase classname="tests.UserRegisterationTest" name="verify_password_is_mandatory" time="2.151"/>
  <testcase classname="tests.UserRegisterationTest" name="verify_password_must_be_atleast_6charachters" time="4.84"/>
  <testcase classname="tests.UserRegisterationTest" name="verify_recent_date_birth_is_notacceptable" time="2.22"/>
  <testcase classname="tests.UserRegisterationTest" name="verify_user_Can_Register_Successfully" time="15.491"/>
  <testcase classname="tests.TestBase" name="@BeforeSuite startDriver" time="0.0">
    <ignored/>
  </testcase> <!-- @BeforeSuite startDriver -->
  <testcase classname="tests.TestBase" name="@AfterSuite stopDriver" time="0.0">
    <ignored/>
  </testcase> <!-- @AfterSuite stopDriver -->
</testsuite> <!-- Login-Register Test -->
